/Users/iklasky/Desktop/projects/tactic-trainer/venv/lib/python3.9/site-packages/urllib3/__init__.py:35: NotOpenSSLWarning: urllib3 v2 only supports OpenSSL 1.1.1+, currently the 'ssl' module is compiled with 'LibreSSL 2.8.3'. See: https://github.com/urllib3/urllib3/issues/3020
  warnings.warn(

############################################################
Chess.com Game Fetcher and Analyzer
Started at: 2026-01-10 15:35:40
############################################################

============================================================
Fetching games for user: k2f4x
============================================================
Fetching archive list from: https://api.chess.com/pub/player/k2f4x/games/archives
Found 75 monthly archives

Fetching archive 1/75: 2026/01
  Found 125 games in this archive
  Total games collected: 125/500

Fetching archive 2/75: 2025/12
  Found 394 games in this archive
  Total games collected: 500/500

✓ Successfully fetched 500 games for k2f4x

============================================================
Fetching games for user: key_kay
============================================================
Fetching archive list from: https://api.chess.com/pub/player/key_kay/games/archives
Found 87 monthly archives

Fetching archive 1/87: 2026/01
  Found 314 games in this archive
  Total games collected: 314/500

Fetching archive 2/87: 2025/12
  Found 1390 games in this archive
  Total games collected: 500/500

✓ Successfully fetched 500 games for key_kay

Saving 1000 total games to fetched_games.json
✓ Saved to fetched_games.json

============================================================
Starting Stockfish Analysis
============================================================

============================================================
Analyzing games for user: k2f4x
============================================================

[1/1000] Analyzing game 1/500 for k2f4x
  Opponents: k2f4x (White) vs saif0111 (Black)
  URL: https://www.chess.com/game/live/147457013260
  Time: 15:35:42
  Found 1 missed opportunities
  ✓ Written to CSV (total opportunities so far: 1)

[2/1000] Analyzing game 2/500 for k2f4x
  Opponents: ArsenM13 (White) vs k2f4x (Black)
  URL: https://www.chess.com/game/live/147457081434
  Time: 15:36:51
  Found 0 missed opportunities
  ✓ Written to CSV (total opportunities so far: 1)

[3/1000] Analyzing game 3/500 for k2f4x
  Opponents: k2f4x (White) vs Ottimo10 (Black)
  URL: https://www.chess.com/game/live/147457244918
  Time: 15:37:21
  Found 0 missed opportunities
  ✓ Written to CSV (total opportunities so far: 1)

[4/1000] Analyzing game 4/500 for k2f4x
  Opponents: lclifton (White) vs k2f4x (Black)
  URL: https://www.chess.com/game/live/147457303116
  Time: 15:37:50
  Found 1 missed opportunities
  ✓ Written to CSV (total opportunities so far: 2)

[5/1000] Analyzing game 5/500 for k2f4x
  Opponents: k2f4x (White) vs totalychessed (Black)
  URL: https://www.chess.com/game/live/147457512780
  Time: 15:39:49
